Remove Pin=C1-2 From Net=VDD33
Remove Pin=P1-2 From Net=RX
Remove Pin=P1-3 From Net=TX
Remove Pin=P1-4 From Net=VDD33
Remove Pin=P1-5 From Net=GPIO0_OUT
Remove Pin=P1-6 From Net=GPIO4_OUT
Remove Pin=P1-7 From Net=GPIO5_OUT
Remove Pin=P1-8 From Net=ADC_OUT
Remove Pin=R5-2 From Net=VDD33
Remove Pin=R8-2 From Net=VDD33
Remove Pin=R9-2 From Net=LD
Remove Pin=R10-2 From Net=MTDO
Remove Pin=R12-2 From Net=GPIO0_OUT
Remove Pin=R13-2 From Net=GPIO4_OUT
Remove Pin=R14-2 From Net=GPIO5_OUT
Remove Pin=U1-2 From Net=TMP_ANT
Remove Pin=U1-6 From Net=ADC
Remove Pin=U1-8 From Net=RST
Remove Pin=U1-10 From Net=LD
Remove Pin=U1-11 From Net=VDD33
Remove Pin=U1-15 From Net=GPIO0
Remove Pin=U1-17 From Net=VDD33
Remove Pin=U1-25 From Net=RX
Remove Pin=U1-26 From Net=TX
Remove Pin=U1-27 From Net=XTAL_OUT
Remove Pin=U1-28 From Net=XTAL_IN
Remove Pin=U1-32 From Net=RST
Remove Pin=U2-1 From Net=XTAL_IN
Remove Pin=U2-3 From Net=XTAL_OUT
Remove Pin=U3-2 From Net=VDD33
Remove Pin=U3-3 From Net=SDA
Remove Pin=U3-4 From Net=SCL
Remove Pin=U3-6 From Net=VDD33
Remove Pin=U3-8 From Net=VDD33
Remove Pin=U4-3 From Net=J_GND
Remove Pin=U5-2 From Net=SDA
Remove Pin=U5-3 From Net=SCL
Remove Pin=U6-2 From Net=SDA
Remove Pin=U6-3 From Net=SCL
