Added Component: Designator=C4(1608[0603])
Added Component: Designator=C5(1608[0603])
Added Component: Designator=D1(3.5X2.8X1.9)
Added Component: Designator=D2(3.5X2.8X1.9)
Added Component: Designator=R4(J1-0603)
Added Component: Designator=R5(J1-0603)
Added Component: Designator=S1(SPST-2)
Added Component: Designator=S2(SPST-2)
Added Pin To Net: NetName=GND Pin=C4-1
Added Pin To Net: NetName=RST_PU Pin=C4-2
Added Pin To Net: NetName=VDD33 Pin=C5-2
Added Pin To Net: NetName=RST_PU Pin=R4-1
Added Pin To Net: NetName=VDD33 Pin=R4-2
Added Pin To Net: NetName=GND Pin=R5-1
Added Pin To Net: NetName=GND Pin=S1-1
Added Pin To Net: NetName=RST_PU Pin=S1-2
Added Pin To Net: NetName=GND Pin=S2-1
Added Pin To Net: NetName=USRBTN_PD Pin=C5-1
Added Pin To Net: NetName=USRBTN_PD Pin=R5-2
Added Pin To Net: NetName=USRBTN_PD Pin=S2-2
Added Net: Name=USRBTN_PD
Added Pin To Net: NetName=XTAL_IN Pin=U1-28
Added Net: Name=XTAL_IN
Added Pin To Net: NetName=XTAL_OUT Pin=U1-27
Added Net: Name=XTAL_OUT
Added Member To Class: ClassName=AirSensor Member=Component C4 Cap Semi
Added Member To Class: ClassName=AirSensor Member=Component C5 Cap Semi
Added Member To Class: ClassName=AirSensor Member=Component D1 LED3
Added Member To Class: ClassName=AirSensor Member=Component D2 LED3
Added Member To Class: ClassName=AirSensor Member=Component R4 Res3
Added Member To Class: ClassName=AirSensor Member=Component R5 Res3
Added Member To Class: ClassName=AirSensor Member=Component S1 SW-PB
Added Member To Class: ClassName=AirSensor Member=Component S2 SW-PB
