Added Component: Designator=C1(C1206)
Added Component: Designator=R1(J1-0603)
Added Component: Designator=U1(QFN50P500X500X80_HS-33N)
Added Pin To Net: NetName=GND Pin=C1-1
Added Pin To Net: NetName=GND Pin=R1-2
Added Pin To Net: NetName=GND Pin=U1-33
Added Net: Name=GND
Added Pin To Net: NetName=NetR1_1 Pin=R1-1
Added Pin To Net: NetName=NetR1_1 Pin=U1-31
Added Net: Name=NetR1_1
Added Pin To Net: NetName=RST_PU Pin=U1-32
Added Net: Name=RST_PU
Added Pin To Net: NetName=VCC Pin=C1-2
Added Pin To Net: NetName=VCC Pin=U1-1
Added Pin To Net: NetName=VCC Pin=U1-3
Added Pin To Net: NetName=VCC Pin=U1-4
Added Pin To Net: NetName=VCC Pin=U1-29
Added Pin To Net: NetName=VCC Pin=U1-30
Added Net: Name=VCC
Added Class: Name=AirSensor
Added Room: Name=AirSensor
