Removed Pin From Net: NetName=GND Pin=U2-1
Removed Pin From Net: NetName=VDD33 Pin=U2-2
Removed Pin From Net: NetName=SDA Pin=U2-3
Removed Pin From Net: NetName=SCL Pin=U2-4
Added Component: Designator=C4(C1206)
Added Component: Designator=C5(C1206)
Added Component: Designator=U3(BME280)
Added Component: Designator=U4(NCP176BMX330TCG)
Added Component: Designator=U5(VEML60xx)
Added Component: Designator=U6(VEML60xx)
Added Pin To Net: NetName=GND Pin=C4-1
Added Pin To Net: NetName=VDD33 Pin=C4-2
Added Pin To Net: NetName=GND Pin=C5-1
Added Pin To Net: NetName=VDD33 Pin=C5-2
Added Pin To Net: NetName=XTAL_IN Pin=U2-1
Added Pin To Net: NetName=GND Pin=U2-2
Added Pin To Net: NetName=XTAL_OUT Pin=U2-3
Added Pin To Net: NetName=GND Pin=U2-4
Added Pin To Net: NetName=GND Pin=U2-1
Added Pin To Net: NetName=VDD33 Pin=U2-2
Added Pin To Net: NetName=SDA Pin=U2-3
Added Pin To Net: NetName=SCL Pin=U2-4
Added Pin To Net: NetName=VDD33 Pin=U4-1
Added Pin To Net: NetName=VDD33 Pin=U4-2
Added Pin To Net: NetName=GND Pin=U5-1
Added Pin To Net: NetName=SDA Pin=U5-2
Added Pin To Net: NetName=SCL Pin=U5-3
Added Pin To Net: NetName=VDD33 Pin=U5-4
Added Pin To Net: NetName=GND Pin=U6-1
Added Pin To Net: NetName=SDA Pin=U6-2
Added Pin To Net: NetName=SCL Pin=U6-3
Added Pin To Net: NetName=VDD33 Pin=U6-4
Added Pin To Net: NetName=J_36 Pin=U4-4
Added Pin To Net: NetName=J_36 Pin=U4-6
Added Net: Name=J_36
Added Pin To Net: NetName=J_GND Pin=U4-3
Added Net: Name=J_GND
Added Member To Class: ClassName=AirSensor Member=Component C4 
Added Member To Class: ClassName=AirSensor Member=Component C5 
Added Member To Class: ClassName=AirSensor Member=Component U3 BME280
Added Member To Class: ClassName=AirSensor Member=Component U4 NCP176BMX330TCG
Added Member To Class: ClassName=AirSensor Member=Component U5 VEML60xx
Added Member To Class: ClassName=AirSensor Member=Component U6 VEML60xx
Added Room: Name=AirSensor
